[LOG] System::create                           : Header version = 2.02.20. Current version = 2.02.20.
[LOG] Manager::init                            : maxchannels = 256 studioflags = 00000006 flags 00000000 extradriverdata 0000000000000000.
[LOG] SystemI::init                            : Initialize version=20220 (139317), maxchannels=256, flags=0x00020000
[LOG] SystemI::setOutputInternal               : Setting output to 'FMOD WASAPI Output'
[LOG] OutputWASAPI::init                       : Mix Format (WAVEFORMATEX): wFormatTag=0xFFFE, nChannels=2, nSamplesPerSec=48000, nAvgBytesPerSec=384000, nBlockAlign=8, wBitsPerSample=32, cbSize=22.
[LOG] OutputWASAPI::init                       : Mix Format (WAVEFORMATEXTENSIBLE): wValidBitsPerSample=32, dwChannelMask=0x00000003, SubFormat=00000003-0000-0010-8000-00AA00389B71.
[LOG] OutputWASAPI::init                       : Output buffer size: 4096 samples, latency: 0.00ms, period: 10.00ms, DSP buffer: 1024 * 4
[LOG] Thread::initThread                       : Init FMOD stream thread. Affinity: 0x4000000000000003, Priority: 0xFFFF7FFB, Stack Size: 98304, Semaphore: No, Sleep Time: 10, Looping: Yes.
[LOG] Thread::initThread                       : Init FMOD mixer thread. Affinity: 0x4000000000000001, Priority: 0xFFFF7FFA, Stack Size: 81920, Semaphore: No, Sleep Time: 0, Looping: Yes.
[LOG] AsyncManager::init                       : manager 000001E4C8D83B38 isAsync 0 updatePeriod 0.02
[LOG] AsyncManager::init                       : done
[LOG] PlaybackSystem::init                     : 
[LOG] Thread::initThread                       : Init FMOD Studio sample load thread. Affinity: 0x4000000000000003, Priority: 0xFFFF7FFD, Stack Size: 98304, Semaphore: No, Sleep Time: 1, Looping: No.
[LOG] PlaybackSystem::init                     : done
[LOG] Thread::initThread                       : Init FMOD Studio bank load thread. Affinity: 0x4000000000000003, Priority: 0xFFFF7FFD, Stack Size: 98304, Semaphore: No, Sleep Time: 1, Looping: No.
[LOG] Manager::init                            : done.
[LOG] Manager::readBank                        : fileversion = 142, compatVersion = 140 (oldest = 44, newest = 142)
[LOG] Manager::readBank                        : fileversion = 142, compatVersion = 140 (oldest = 44, newest = 142)
[LOG] Manager::readBank                        : fileversion = 142, compatVersion = 140 (oldest = 44, newest = 142)
[LOG] PlaybackSystem::acquireMasterBus         : Setting master channel group format to 6
[LOG] SystemI::createSoundInternal             : Create name='', mode=0x02000202
[LOG] SystemI::createSoundInternal             : exinfo->cbsize             = 224
[LOG] SystemI::createSoundInternal             : exinfo->length             = 14757312
[LOG] SystemI::createSoundInternal             : exinfo->fileoffset         = 47488
[LOG] SystemI::createSoundInternal             : exinfo->numsubsounds       = 1
[LOG] SystemI::createSoundInternal             : exinfo->inclusionlist      = 000000D134B6F318
[LOG] SystemI::createSoundInternal             : exinfo->inclusionlistnum   = 1
[LOG] SystemI::createSoundInternal             : exinfo->suggestedsoundtype = 5
[LOG] SystemI::createSoundInternal             : exinfo->useropen           = 00007FFA1C803F70
[LOG] SystemI::createSoundInternal             : exinfo->userclose          = 00007FFA1C803F30
[LOG] SystemI::createSoundInternal             : exinfo->userread           = 00007FFA1C804050
[LOG] SystemI::createSoundInternal             : exinfo->userseek           = 00007FFA1C804110
[LOG] SystemI::createSoundInternal             : exinfo->fileuserdata       = 000001E5A913F088
[LOG] SystemI::createSoundInternal             : exinfo->initialseekpostype = 1
[LOG] SystemI::DSPCodecPoolRegister            : register codec pool for pool type 5
[LOG] SystemI::createSoundInternal             : Sample 0/1: name='button_click', format=5, channels=2, frequency=48000, lengthbytes=2464, lengthpcm=13823, pcmblocksize=0, loopstart=0, loopend=0, mode=0x00000000, channelmask=0x00000000, channelorder=0, peakvolume=0.993585.
[LOG] SystemI::createSoundInternal             : Create name='', mode=0x02000202
[LOG] SystemI::createSoundInternal             : exinfo->cbsize             = 224
[LOG] SystemI::createSoundInternal             : exinfo->length             = 14757312
[LOG] SystemI::createSoundInternal             : exinfo->fileoffset         = 47488
[LOG] SystemI::createSoundInternal             : exinfo->numsubsounds       = 1
[LOG] SystemI::createSoundInternal             : exinfo->inclusionlist      = 000000D134B6F318
[LOG] SystemI::createSoundInternal             : exinfo->inclusionlistnum   = 1
[LOG] SystemI::createSoundInternal             : exinfo->suggestedsoundtype = 5
[LOG] SystemI::createSoundInternal             : exinfo->useropen           = 00007FFA1C803F70
[LOG] SystemI::createSoundInternal             : exinfo->userclose          = 00007FFA1C803F30
[LOG] SystemI::createSoundInternal             : exinfo->userread           = 00007FFA1C804050
[LOG] SystemI::createSoundInternal             : exinfo->userseek           = 00007FFA1C804110
[LOG] SystemI::createSoundInternal             : exinfo->fileuserdata       = 000001E3A0BD2968
[LOG] SystemI::createSoundInternal             : exinfo->initialseekpostype = 1
[LOG] SystemI::DSPCodecPoolRegister            : register codec pool for pool type 5
[LOG] SystemI::createSoundInternal             : Sample 0/1: name='open_door', format=5, channels=2, frequency=48000, lengthbytes=9376, lengthpcm=35108, pcmblocksize=0, loopstart=0, loopend=0, mode=0x00000000, channelmask=0x00000000, channelorder=0, peakvolume=0.991516.
[LOG] SystemI::createSoundInternal             : Create name='', mode=0x02000202
[LOG] SystemI::createSoundInternal             : exinfo->cbsize             = 224
[LOG] SystemI::createSoundInternal             : exinfo->length             = 14757312
[LOG] SystemI::createSoundInternal             : exinfo->fileoffset         = 47488
[LOG] SystemI::createSoundInternal             : exinfo->numsubsounds       = 1
[LOG] SystemI::createSoundInternal             : exinfo->inclusionlist      = 000000D134B6F318
[LOG] SystemI::createSoundInternal             : exinfo->inclusionlistnum   = 1
[LOG] SystemI::createSoundInternal             : exinfo->suggestedsoundtype = 5
[LOG] SystemI::createSoundInternal             : exinfo->useropen           = 00007FFA1C803F70
[LOG] SystemI::createSoundInternal             : exinfo->userclose          = 00007FFA1C803F30
[LOG] SystemI::createSoundInternal             : exinfo->userread           = 00007FFA1C804050
[LOG] SystemI::createSoundInternal             : exinfo->userseek           = 00007FFA1C804110
[LOG] SystemI::createSoundInternal             : exinfo->fileuserdata       = 000001E4EC1898C8
[LOG] SystemI::createSoundInternal             : exinfo->initialseekpostype = 1
[LOG] SystemI::DSPCodecPoolRegister            : register codec pool for pool type 5
[LOG] SystemI::createSoundInternal             : Sample 0/1: name='sci_fi_whom', format=5, channels=2, frequency=48000, lengthbytes=9760, lengthpcm=96000, pcmblocksize=0, loopstart=0, loopend=0, mode=0x00000000, channelmask=0x00000000, channelorder=0, peakvolume=0.848626.
[LOG] SystemI::createSoundInternal             : Create name='', mode=0x02000202
[LOG] SystemI::createSoundInternal             : exinfo->cbsize             = 224
[LOG] SystemI::createSoundInternal             : exinfo->length             = 14757312
[LOG] SystemI::createSoundInternal             : exinfo->fileoffset         = 47488
[LOG] SystemI::createSoundInternal             : exinfo->numsubsounds       = 1
[LOG] SystemI::createSoundInternal             : exinfo->inclusionlist      = 000000D134B6F318
[LOG] SystemI::createSoundInternal             : exinfo->inclusionlistnum   = 1
[LOG] SystemI::createSoundInternal             : exinfo->suggestedsoundtype = 5
[LOG] SystemI::createSoundInternal             : exinfo->useropen           = 00007FFA1C803F70
[LOG] SystemI::createSoundInternal             : exinfo->userclose          = 00007FFA1C803F30
[LOG] SystemI::createSoundInternal             : exinfo->userread           = 00007FFA1C804050
[LOG] SystemI::createSoundInternal             : exinfo->userseek           = 00007FFA1C804110
[LOG] SystemI::createSoundInternal             : exinfo->fileuserdata       = 000001E4EC1898C8
[LOG] SystemI::createSoundInternal             : exinfo->initialseekpostype = 1
[LOG] SystemI::DSPCodecPoolRegister            : register codec pool for pool type 5
[LOG] SystemI::createSoundInternal             : Sample 0/1: name='shoot_shrink_ray', format=5, channels=2, frequency=48000, lengthbytes=8512, lengthpcm=34766, pcmblocksize=0, loopstart=0, loopend=0, mode=0x00000000, channelmask=0x00000000, channelorder=0, peakvolume=0.971558.
[LOG] SystemI::createSound                     : filename = ../Fmod/FmodAudioManager/Build/Desktop/Master.bank : mode 02010082
[LOG] SystemI::createSound                     : FMOD_NONBLOCKING specified.  Putting into queue to be opened asynchronously!
[LOG] AsyncThread::add                         : add sound to async queue : soundi = 000001E59CD701E8, queue head = 000001E3DD5C8E78, queue count = 0
[LOG] AsyncThread::threadFunc                  : Starting Asynchronous operation on sound 000001E59CD701E8
[LOG] SystemI::createSoundInternal             :     Create name='../Fmod/FmodAudioManager/Build/Desktop/Master.bank', mode=0x02010082
[LOG] SystemI::createSoundInternal             :     exinfo->cbsize             = 224
[LOG] SystemI::createSoundInternal             :     exinfo->length             = 14757312
[LOG] SystemI::createSoundInternal             :     exinfo->fileoffset         = 47488
[LOG] SystemI::createSoundInternal             :     exinfo->numsubsounds       = 1
[LOG] SystemI::createSoundInternal             :     exinfo->inclusionlist      = 000001E4EBC4E560
[LOG] SystemI::createSoundInternal             :     exinfo->inclusionlistnum   = 1
[LOG] SystemI::createSoundInternal             :     exinfo->suggestedsoundtype = 5
[LOG] SystemI::createSoundInternal             :     exinfo->initialseekposition = 550
[LOG] SystemI::createSoundInternal             :     exinfo->initialseekpostype = 1
[LOG] SystemI::createSoundInternal             :     Stream 0/1: name='static', format=5, channels=2, frequency=48000, lengthbytes=305344, lengthpcm=1769472, pcmblocksize=0, loopstart=0, loopend=0, mode=0x00000000, channelmask=0x00000000, channelorder=0, peakvolume=0.358887.
[LOG] AsyncThread::threadFunc                  : Finished Asynchronous operation on sound 000001E59CD701E8
[LOG] SoundI::release                          : gameTheme-StuckInTheWormHoleRadio (000001E4EC540098)
[LOG] SoundI::release                          :     gameTheme-StuckInTheWormHoleRadio (000001E55F1553C8)
[LOG] SoundI::release                          :     gameTheme-StuckInTheWormHoleRadio (000001E5A024E3C8)
[LOG] SoundI::release                          : static (000001E59CD701E8)
[LOG] SoundI::release                          :     static (000001E561D29948)
[LOG] SoundI::release                          :     static (000001E51C0ACED8)
[LOG] SystemI::createSound                     : filename = ../Fmod/FmodAudioManager/Build/Desktop/Master.bank : mode 02010082
[LOG] SystemI::createSound                     : FMOD_NONBLOCKING specified.  Putting into queue to be opened asynchronously!
[LOG] AsyncThread::add                         : add sound to async queue : soundi = 000001E53ECD8D28, queue head = 000001E3DD5C8E78, queue count = 0
[LOG] AsyncThread::threadFunc                  : Starting Asynchronous operation on sound 000001E53ECD8D28
[LOG] SystemI::createSoundInternal             :     Create name='../Fmod/FmodAudioManager/Build/Desktop/Master.bank', mode=0x02010082
[LOG] SystemI::createSoundInternal             :     exinfo->cbsize             = 224
[LOG] SystemI::createSoundInternal             :     exinfo->length             = 14757312
[LOG] SystemI::createSoundInternal             :     exinfo->fileoffset         = 47488
[LOG] SystemI::createSoundInternal             :     exinfo->numsubsounds       = 1
[LOG] SystemI::createSoundInternal             :     exinfo->inclusionlist      = 000001E51B2EEF70
[LOG] SystemI::createSound                     :     filename = ../Fmod/FmodAudioManager/Build/Desktop/Master.bank : mode 02010082
[LOG] SystemI::createSoundInternal             :     exinfo->inclusionlistnum   = 1
[LOG] SystemI::createSound                     :     FMOD_NONBLOCKING specified.  Putting into queue to be opened asynchronously!
[LOG] SystemI::createSoundInternal             :     exinfo->suggestedsoundtype = 5
[LOG] AsyncThread::add                         :     add sound to async queue : soundi = 000001E53ECD8ED8, queue head = 000001E3DD5C8E78, queue count = 0
[LOG] SystemI::createSoundInternal             :     exinfo->initialseekposition = 550
[LOG] SystemI::createSoundInternal             :     exinfo->initialseekpostype = 1
[LOG] SystemI::createSoundInternal             :     Stream 0/1: name='static', format=5, channels=2, frequency=48000, lengthbytes=305344, lengthpcm=1769472, pcmblocksize=0, loopstart=0, loopend=0, mode=0x00000000, channelmask=0x00000000, channelorder=0, peakvolume=0.358887.
[LOG] AsyncThread::threadFunc                  : Finished Asynchronous operation on sound 000001E53ECD8D28
[LOG] AsyncThread::threadFunc                  : Starting Asynchronous operation on sound 000001E53ECD8ED8
[LOG] SystemI::createSoundInternal             :     Create name='../Fmod/FmodAudioManager/Build/Desktop/Master.bank', mode=0x02010082
[LOG] SystemI::createSoundInternal             :     exinfo->cbsize             = 224
[LOG] SystemI::createSoundInternal             :     exinfo->length             = 14757312
[LOG] SystemI::createSoundInternal             :     exinfo->fileoffset         = 47488
[LOG] SystemI::createSoundInternal             :     exinfo->numsubsounds       = 1
[LOG] SystemI::createSoundInternal             :     exinfo->inclusionlist      = 000001E51B2EEA70
[LOG] SystemI::createSoundInternal             :     exinfo->inclusionlistnum   = 1
[LOG] SystemI::createSoundInternal             :     exinfo->suggestedsoundtype = 5
[LOG] SystemI::createSoundInternal             :     exinfo->initialseekposition = 200000
[LOG] SystemI::createSoundInternal             :     exinfo->initialseekpostype = 1
[LOG] SystemI::createSoundInternal             :     Stream 0/1: name='Eazy Rider', format=5, channels=2, frequency=48000, lengthbytes=2089664, lengthpcm=11958230, pcmblocksize=0, loopstart=0, loopend=0, mode=0x00000000, channelmask=0x00000000, channelorder=0, peakvolume=0.999969.
[LOG] AsyncThread::threadFunc                  : Finished Asynchronous operation on sound 000001E53ECD8ED8
[LOG] AsyncThread::add                         : add sound to async queue : soundi = 000001E51C0ABC48, queue head = 000001E3DD5C8E78, queue count = 0
[LOG] AsyncThread::threadFunc                  : Starting Asynchronous operation on sound 000001E51C0ABC48
[LOG] AsyncThread::threadFunc                  : Finished Asynchronous operation on sound 000001E51C0ABC48
[LOG] SoundI::release                          : static (000001E53ECD8D28)
[LOG] SoundI::release                          :     static (000001E561D29E28)
[LOG] SoundI::release                          :     static (000001E51C0AA808)
[LOG] SystemI::createSoundInternal             : Create name='', mode=0x02000202
[LOG] SystemI::createSoundInternal             : exinfo->cbsize             = 224
[LOG] SystemI::createSoundInternal             : exinfo->length             = 14757312
[LOG] SystemI::createSoundInternal             : exinfo->fileoffset         = 47488
[LOG] SystemI::createSoundInternal             : exinfo->numsubsounds       = 1
[LOG] SystemI::createSoundInternal             : exinfo->inclusionlist      = 000000D134B6F318
[LOG] SystemI::createSoundInternal             : exinfo->inclusionlistnum   = 1
[LOG] SystemI::createSoundInternal             : exinfo->suggestedsoundtype = 5
[LOG] SystemI::createSoundInternal             : exinfo->useropen           = 00007FFA1C803F70
[LOG] SystemI::createSoundInternal             : exinfo->userclose          = 00007FFA1C803F30
[LOG] SystemI::createSoundInternal             : exinfo->userread           = 00007FFA1C804050
[LOG] SystemI::createSoundInternal             : exinfo->userseek           = 00007FFA1C804110
[LOG] SystemI::createSoundInternal             : exinfo->fileuserdata       = 000001E4EC1898C8
[LOG] SystemI::createSoundInternal             : exinfo->initialseekpostype = 1
[LOG] SystemI::DSPCodecPoolRegister            : register codec pool for pool type 5
[LOG] SystemI::createSoundInternal             : Sample 0/1: name='563473__nicholasdaryl__footstep_walk_hardsurface_6', format=5, channels=1, frequency=48000, lengthbytes=2112, lengthpcm=11702, pcmblocksize=0, loopstart=0, loopend=0, mode=0x00000000, channelmask=0x00000000, channelorder=0, peakvolume=0.262909.
[LOG] SystemI::createSoundInternal             : Create name='', mode=0x02000202
[LOG] SystemI::createSoundInternal             : exinfo->cbsize             = 224
[LOG] SystemI::createSoundInternal             : exinfo->length             = 14757312
[LOG] SystemI::createSoundInternal             : exinfo->fileoffset         = 47488
[LOG] SystemI::createSoundInternal             : exinfo->numsubsounds       = 1
[LOG] SystemI::createSoundInternal             : exinfo->inclusionlist      = 000000D134B6F318
[LOG] SystemI::createSoundInternal             : exinfo->inclusionlistnum   = 1
[LOG] SystemI::createSoundInternal             : exinfo->suggestedsoundtype = 5
[LOG] SystemI::createSoundInternal             : exinfo->useropen           = 00007FFA1C803F70
[LOG] SystemI::createSoundInternal             : exinfo->userclose          = 00007FFA1C803F30
[LOG] SystemI::createSoundInternal             : exinfo->userread           = 00007FFA1C804050
[LOG] SystemI::createSoundInternal             : exinfo->userseek           = 00007FFA1C804110
[LOG] SystemI::createSoundInternal             : exinfo->fileuserdata       = 000001E4EC1898C8
[LOG] SystemI::createSoundInternal             : exinfo->initialseekpostype = 1
[LOG] SystemI::DSPCodecPoolRegister            : register codec pool for pool type 5
[LOG] SystemI::createSoundInternal             : Sample 0/1: name='563466__nicholasdaryl__footstep_walk_hardsurface_3', format=5, channels=1, frequency=48000, lengthbytes=3264, lengthpcm=16718, pcmblocksize=0, loopstart=0, loopend=0, mode=0x00000000, channelmask=0x00000000, channelorder=0, peakvolume=0.193939.
[LOG] SystemI::createSoundInternal             : Create name='', mode=0x02000202
[LOG] SystemI::createSoundInternal             : exinfo->cbsize             = 224
[LOG] SystemI::createSoundInternal             : exinfo->length             = 14757312
[LOG] SystemI::createSoundInternal             : exinfo->fileoffset         = 47488
[LOG] SystemI::createSoundInternal             : exinfo->numsubsounds       = 1
[LOG] SystemI::createSoundInternal             : exinfo->inclusionlist      = 000000D134B6F318
[LOG] SystemI::createSoundInternal             : exinfo->inclusionlistnum   = 1
[LOG] SystemI::createSoundInternal             : exinfo->suggestedsoundtype = 5
[LOG] SystemI::createSoundInternal             : exinfo->useropen           = 00007FFA1C803F70
[LOG] SystemI::createSoundInternal             : exinfo->userclose          = 00007FFA1C803F30
[LOG] SystemI::createSoundInternal             : exinfo->userread           = 00007FFA1C804050
[LOG] SystemI::createSoundInternal             : exinfo->userseek           = 00007FFA1C804110
[LOG] SystemI::createSoundInternal             : exinfo->fileuserdata       = 000001E4EC1898C8
[LOG] SystemI::createSoundInternal             : exinfo->initialseekpostype = 1
[LOG] SystemI::DSPCodecPoolRegister            : register codec pool for pool type 5
[LOG] SystemI::createSoundInternal             : Sample 0/1: name='563469__nicholasdaryl__footstep_walk_hardsurface_2', format=5, channels=1, frequency=48000, lengthbytes=3168, lengthpcm=17832, pcmblocksize=0, loopstart=0, loopend=0, mode=0x00000000, channelmask=0x00000000, channelorder=0, peakvolume=0.414917.
[LOG] SystemI::createSoundInternal             : Create name='', mode=0x02000202
[LOG] SystemI::createSoundInternal             : exinfo->cbsize             = 224
[LOG] SystemI::createSoundInternal             : exinfo->length             = 14757312
[LOG] SystemI::createSoundInternal             : exinfo->fileoffset         = 47488
[LOG] SystemI::createSoundInternal             : exinfo->numsubsounds       = 1
[LOG] SystemI::createSoundInternal             : exinfo->inclusionlist      = 000000D134B6F318
[LOG] SystemI::createSoundInternal             : exinfo->inclusionlistnum   = 1
[LOG] SystemI::createSoundInternal             : exinfo->suggestedsoundtype = 5
[LOG] SystemI::createSoundInternal             : exinfo->useropen           = 00007FFA1C803F70
[LOG] SystemI::createSoundInternal             : exinfo->userclose          = 00007FFA1C803F30
[LOG] SystemI::createSoundInternal             : exinfo->userread           = 00007FFA1C804050
[LOG] SystemI::createSoundInternal             : exinfo->userseek           = 00007FFA1C804110
[LOG] SystemI::createSoundInternal             : exinfo->fileuserdata       = 000001E4EC1898C8
[LOG] SystemI::createSoundInternal             : exinfo->initialseekpostype = 1
[LOG] SystemI::DSPCodecPoolRegister            : register codec pool for pool type 5
[LOG] SystemI::createSoundInternal             : Sample 0/1: name='563468__nicholasdaryl__footstep_walk_hardsurface_1', format=5, channels=1, frequency=48000, lengthbytes=2304, lengthpcm=12260, pcmblocksize=0, loopstart=0, loopend=0, mode=0x00000000, channelmask=0x00000000, channelorder=0, peakvolume=0.305389.
[LOG] SystemI::createSoundInternal             : Create name='', mode=0x02000202
[LOG] SystemI::createSoundInternal             : exinfo->cbsize             = 224
[LOG] SystemI::createSoundInternal             : exinfo->length             = 14757312
[LOG] SystemI::createSoundInternal             : exinfo->fileoffset         = 47488
[LOG] SystemI::createSoundInternal             : exinfo->numsubsounds       = 1
[LOG] SystemI::createSoundInternal             : exinfo->inclusionlist      = 000000D134B6F318
[LOG] SystemI::createSoundInternal             : exinfo->inclusionlistnum   = 1
[LOG] SystemI::createSoundInternal             : exinfo->suggestedsoundtype = 5
[LOG] SystemI::createSoundInternal             : exinfo->useropen           = 00007FFA1C803F70
[LOG] SystemI::createSoundInternal             : exinfo->userclose          = 00007FFA1C803F30
[LOG] SystemI::createSoundInternal             : exinfo->userread           = 00007FFA1C804050
[LOG] SystemI::createSoundInternal             : exinfo->userseek           = 00007FFA1C804110
[LOG] SystemI::createSoundInternal             : exinfo->fileuserdata       = 000001E4EC1898C8
[LOG] SystemI::createSoundInternal             : exinfo->initialseekpostype = 1
[LOG] SystemI::DSPCodecPoolRegister            : register codec pool for pool type 5
[LOG] SystemI::createSoundInternal             : Sample 0/1: name='563471__nicholasdaryl__footstep_walk_hardsurface_8', format=5, channels=1, frequency=48000, lengthbytes=4288, lengthpcm=23962, pcmblocksize=0, loopstart=0, loopend=0, mode=0x00000000, channelmask=0x00000000, channelorder=0, peakvolume=0.237366.
[LOG] SystemI::createSoundInternal             : Create name='', mode=0x02000202
[LOG] SystemI::createSoundInternal             : exinfo->cbsize             = 224
[LOG] SystemI::createSoundInternal             : exinfo->length             = 14757312
[LOG] SystemI::createSoundInternal             : exinfo->fileoffset         = 47488
[LOG] SystemI::createSoundInternal             : exinfo->numsubsounds       = 1
[LOG] SystemI::createSoundInternal             : exinfo->inclusionlist      = 000000D134B6F318
[LOG] SystemI::createSoundInternal             : exinfo->inclusionlistnum   = 1
[LOG] SystemI::createSoundInternal             : exinfo->suggestedsoundtype = 5
[LOG] SystemI::createSoundInternal             : exinfo->useropen           = 00007FFA1C803F70
[LOG] SystemI::createSoundInternal             : exinfo->userclose          = 00007FFA1C803F30
[LOG] SystemI::createSoundInternal             : exinfo->userread           = 00007FFA1C804050
[LOG] SystemI::createSoundInternal             : exinfo->userseek           = 00007FFA1C804110
[LOG] SystemI::createSoundInternal             : exinfo->fileuserdata       = 000001E4EC1898C8
[LOG] SystemI::createSoundInternal             : exinfo->initialseekpostype = 1
[LOG] SystemI::DSPCodecPoolRegister            : register codec pool for pool type 5
[LOG] SystemI::createSoundInternal             : Sample 0/1: name='563464__nicholasdaryl__footstep_walk_hardsurface_9', format=5, channels=1, frequency=48000, lengthbytes=4704, lengthpcm=26749, pcmblocksize=0, loopstart=0, loopend=0, mode=0x00000000, channelmask=0x00000000, channelorder=0, peakvolume=0.125671.
[LOG] SystemI::createSoundInternal             : Create name='', mode=0x02000202
[LOG] SystemI::createSoundInternal             : exinfo->cbsize             = 224
[LOG] SystemI::createSoundInternal             : exinfo->length             = 14757312
[LOG] SystemI::createSoundInternal             : exinfo->fileoffset         = 47488
[LOG] SystemI::createSoundInternal             : exinfo->numsubsounds       = 1
[LOG] SystemI::createSoundInternal             : exinfo->inclusionlist      = 000000D134B6F318
[LOG] SystemI::createSoundInternal             : exinfo->inclusionlistnum   = 1
[LOG] SystemI::createSoundInternal             : exinfo->suggestedsoundtype = 5
[LOG] SystemI::createSoundInternal             : exinfo->useropen           = 00007FFA1C803F70
[LOG] SystemI::createSoundInternal             : exinfo->userclose          = 00007FFA1C803F30
[LOG] SystemI::createSoundInternal             : exinfo->userread           = 00007FFA1C804050
[LOG] SystemI::createSoundInternal             : exinfo->userseek           = 00007FFA1C804110
[LOG] SystemI::createSoundInternal             : exinfo->fileuserdata       = 000001E4EC1898C8
[LOG] SystemI::createSoundInternal             : exinfo->initialseekpostype = 1
[LOG] SystemI::DSPCodecPoolRegister            : register codec pool for pool type 5
[LOG] SystemI::createSoundInternal             : Sample 0/1: name='563472__nicholasdaryl__footstep_walk_hardsurface_5', format=5, channels=1, frequency=48000, lengthbytes=2752, lengthpcm=15603, pcmblocksize=0, loopstart=0, loopend=0, mode=0x00000000, channelmask=0x00000000, channelorder=0, peakvolume=0.287048.
[LOG] SystemI::createSoundInternal             : Create name='', mode=0x02000202
[LOG] SystemI::createSoundInternal             : exinfo->cbsize             = 224
[LOG] SystemI::createSoundInternal             : exinfo->length             = 14757312
[LOG] SystemI::createSoundInternal             : exinfo->fileoffset         = 47488
[LOG] SystemI::createSoundInternal             : exinfo->numsubsounds       = 1
[LOG] SystemI::createSoundInternal             : exinfo->inclusionlist      = 000000D134B6F318
[LOG] SystemI::createSoundInternal             : exinfo->inclusionlistnum   = 1
[LOG] SystemI::createSoundInternal             : exinfo->suggestedsoundtype = 5
[LOG] SystemI::createSoundInternal             : exinfo->useropen           = 00007FFA1C803F70
[LOG] SystemI::createSoundInternal             : exinfo->userclose          = 00007FFA1C803F30
[LOG] SystemI::createSoundInternal             : exinfo->userread           = 00007FFA1C804050
[LOG] SystemI::createSoundInternal             : exinfo->userseek           = 00007FFA1C804110
[LOG] SystemI::createSoundInternal             : exinfo->fileuserdata       = 000001E4EC1898C8
[LOG] SystemI::createSoundInternal             : exinfo->initialseekpostype = 1
[LOG] SystemI::DSPCodecPoolRegister            : register codec pool for pool type 5
[LOG] SystemI::createSoundInternal             : Sample 0/1: name='563470__nicholasdaryl__footstep_walk_hardsurface_7', format=5, channels=1, frequency=48000, lengthbytes=4256, lengthpcm=23962, pcmblocksize=0, loopstart=0, loopend=0, mode=0x00000000, channelmask=0x00000000, channelorder=0, peakvolume=0.237427.
[LOG] SystemI::createSoundInternal             : Create name='', mode=0x02000202
[LOG] SystemI::createSoundInternal             : exinfo->cbsize             = 224
[LOG] SystemI::createSoundInternal             : exinfo->length             = 14757312
[LOG] SystemI::createSoundInternal             : exinfo->fileoffset         = 47488
[LOG] SystemI::createSoundInternal             : exinfo->numsubsounds       = 1
[LOG] SystemI::createSoundInternal             : exinfo->inclusionlist      = 000000D134B6F318
[LOG] SystemI::createSoundInternal             : exinfo->inclusionlistnum   = 1
[LOG] SystemI::createSoundInternal             : exinfo->suggestedsoundtype = 5
[LOG] SystemI::createSoundInternal             : exinfo->useropen           = 00007FFA1C803F70
[LOG] SystemI::createSoundInternal             : exinfo->userclose          = 00007FFA1C803F30
[LOG] SystemI::createSoundInternal             : exinfo->userread           = 00007FFA1C804050
[LOG] SystemI::createSoundInternal             : exinfo->userseek           = 00007FFA1C804110
[LOG] SystemI::createSoundInternal             : exinfo->fileuserdata       = 000001E4EC1898C8
[LOG] SystemI::createSoundInternal             : exinfo->initialseekpostype = 1
[LOG] SystemI::DSPCodecPoolRegister            : register codec pool for pool type 5
[LOG] SystemI::createSoundInternal             : Sample 0/1: name='563467__nicholasdaryl__footstep_walk_hardsurface_4', format=5, channels=1, frequency=48000, lengthbytes=3680, lengthpcm=20062, pcmblocksize=0, loopstart=0, loopend=0, mode=0x00000000, channelmask=0x00000000, channelorder=0, peakvolume=0.318939.
[LOG] SystemI::createSoundInternal             : Create name='', mode=0x02000202
[LOG] SystemI::createSoundInternal             : exinfo->cbsize             = 224
[LOG] SystemI::createSoundInternal             : exinfo->length             = 14757312
[LOG] SystemI::createSoundInternal             : exinfo->fileoffset         = 47488
[LOG] SystemI::createSoundInternal             : exinfo->numsubsounds       = 1
[LOG] SystemI::createSoundInternal             : exinfo->inclusionlist      = 000000D134B6F318
[LOG] SystemI::createSoundInternal             : exinfo->inclusionlistnum   = 1
[LOG] SystemI::createSoundInternal             : exinfo->suggestedsoundtype = 5
[LOG] SystemI::createSoundInternal             : exinfo->useropen           = 00007FFA1C803F70
[LOG] SystemI::createSoundInternal             : exinfo->userclose          = 00007FFA1C803F30
[LOG] SystemI::createSoundInternal             : exinfo->userread           = 00007FFA1C804050
[LOG] SystemI::createSoundInternal             : exinfo->userseek           = 00007FFA1C804110
[LOG] SystemI::createSoundInternal             : exinfo->fileuserdata       = 000001E5A9140948
[LOG] SystemI::createSoundInternal             : exinfo->initialseekpostype = 1
[LOG] SystemI::DSPCodecPoolRegister            : register codec pool for pool type 5
[LOG] SystemI::createSoundInternal             : Sample 0/1: name='object_grow', format=5, channels=2, frequency=48000, lengthbytes=12736, lengthpcm=96000, pcmblocksize=0, loopstart=0, loopend=0, mode=0x00000000, channelmask=0x00000000, channelorder=0, peakvolume=0.738464.
[LOG] SystemI::createSoundInternal             : Create name='', mode=0x02000202
[LOG] SystemI::createSoundInternal             : exinfo->cbsize             = 224
[LOG] SystemI::createSoundInternal             : exinfo->length             = 14757312
[LOG] SystemI::createSoundInternal             : exinfo->fileoffset         = 47488
[LOG] SystemI::createSoundInternal             : exinfo->numsubsounds       = 1
[LOG] SystemI::createSoundInternal             : exinfo->inclusionlist      = 000000D134B6F318
[LOG] SystemI::createSoundInternal             : exinfo->inclusionlistnum   = 1
[LOG] SystemI::createSoundInternal             : exinfo->suggestedsoundtype = 5
[LOG] SystemI::createSoundInternal             : exinfo->useropen           = 00007FFA1C803F70
[LOG] SystemI::createSoundInternal             : exinfo->userclose          = 00007FFA1C803F30
[LOG] SystemI::createSoundInternal             : exinfo->userread           = 00007FFA1C804050
[LOG] SystemI::createSoundInternal             : exinfo->userseek           = 00007FFA1C804110
[LOG] SystemI::createSoundInternal             : exinfo->fileuserdata       = 000001E3A0BCFC08
[LOG] SystemI::createSoundInternal             : exinfo->initialseekpostype = 1
[LOG] SystemI::DSPCodecPoolRegister            : register codec pool for pool type 5
[LOG] SystemI::createSoundInternal             : Sample 0/1: name='close_door', format=5, channels=2, frequency=48000, lengthbytes=10112, lengthpcm=35165, pcmblocksize=0, loopstart=0, loopend=0, mode=0x00000000, channelmask=0x00000000, channelorder=0, peakvolume=0.990021.
[LOG] SystemI::createSoundInternal             : Create name='', mode=0x02000202
[LOG] SystemI::createSoundInternal             : exinfo->cbsize             = 224
[LOG] SystemI::createSoundInternal             : exinfo->length             = 14757312
[LOG] SystemI::createSoundInternal             : exinfo->fileoffset         = 47488
[LOG] SystemI::createSoundInternal             : exinfo->numsubsounds       = 1
[LOG] SystemI::createSoundInternal             : exinfo->inclusionlist      = 000000D134B6F318
[LOG] SystemI::createSoundInternal             : exinfo->inclusionlistnum   = 1
[LOG] SystemI::createSoundInternal             : exinfo->suggestedsoundtype = 5
[LOG] SystemI::createSoundInternal             : exinfo->useropen           = 00007FFA1C803F70
[LOG] SystemI::createSoundInternal             : exinfo->userclose          = 00007FFA1C803F30
[LOG] SystemI::createSoundInternal             : exinfo->userread           = 00007FFA1C804050
[LOG] SystemI::createSoundInternal             : exinfo->userseek           = 00007FFA1C804110
[LOG] SystemI::createSoundInternal             : exinfo->fileuserdata       = 000001E4EC18A108
[LOG] SystemI::createSoundInternal             : exinfo->initialseekpostype = 1
[LOG] SystemI::DSPCodecPoolRegister            : register codec pool for pool type 5
[LOG] SystemI::createSoundInternal             : Sample 0/1: name='gatePassthrough', format=5, channels=2, frequency=48000, lengthbytes=9856, lengthpcm=55870, pcmblocksize=0, loopstart=0, loopend=0, mode=0x00000000, channelmask=0x00000000, channelorder=0, peakvolume=0.225114.
[LOG] SoundI::release                          : room_ambience (000001E4EC53DD28)
[LOG] SoundI::release                          :     room_ambience (000001E4C30DA958)
[LOG] SoundI::release                          :     room_ambience (000001E5A024EDE8)
[LOG] SoundI::release                          : No Way, No How - 🤡 (000001E4EC53DED8)
[LOG] SoundI::release                          :     No Way, No How - 🤡 (000001E55F155568)
[LOG] SoundI::release                          :     No Way, No How - 🤡 (000001E5A024E578)
[LOG] SoundI::release                          : Eazy Rider (000001E53ECD8ED8)
[LOG] SoundI::release                          :     Eazy Rider (000001E561D29C88)
[LOG] SoundI::release                          :     Eazy Rider (000001E51C0ABC48)
[LOG] SoundI::release                          :  (000001E51B5FF4C8)
[LOG] SoundI::release                          :     sci_fi_whom (000001E55F155D88)
[LOG] SoundI::release                          :  (000001E51B5FF7A8)
[LOG] SoundI::release                          :     shoot_shrink_ray (000001E55F155088)
[LOG] SoundI::release                          :  (000001E53C833038)
[LOG] SoundI::release                          :     object_grow (000001E3AA48B1F8)
[LOG] SoundI::release                          :  (000001E5AB1B3638)
[LOG] SoundI::release                          :     open_door (000001E561F6F2A8)
[LOG] SoundI::release                          :  (000001E4C8DC37B8)
[LOG] SoundI::release                          :     button_click (000001E3AA48B398)
[LOG] SoundI::release                          :  (000001E5AB1B31E8)
[LOG] SoundI::release                          :     close_door (000001E561F6F448)
[LOG] SoundI::release                          :  (000001E3A2A90808)
[LOG] SoundI::release                          :     563468__nicholasdaryl__footstep_walk_hardsurface_1 (000001E4EBC530C8)
[LOG] SoundI::release                          :  (000001E3A2A90698)
[LOG] SoundI::release                          :     563469__nicholasdaryl__footstep_walk_hardsurface_2 (000001E4EBC52A48)
[LOG] SoundI::release                          :  (000001E4EBE45018)
[LOG] SoundI::release                          :     563470__nicholasdaryl__footstep_walk_hardsurface_7 (000001E5A9032898)
[LOG] SoundI::release                          :  (000001E51B5FF918)
[LOG] SoundI::release                          :     563471__nicholasdaryl__footstep_walk_hardsurface_8 (000001E4EBC53408)
[LOG] SoundI::release                          :  (000001E51B5FFA88)
[LOG] SoundI::release                          :     563472__nicholasdaryl__footstep_walk_hardsurface_5 (000001E5A9032218)
[LOG] SoundI::release                          :  (000001E3A2A903B8)
[LOG] SoundI::release                          :     563473__nicholasdaryl__footstep_walk_hardsurface_6 (000001E55F1553C8)
[LOG] SoundI::release                          :  (000001E51B5FF638)
[LOG] SoundI::release                          :     563464__nicholasdaryl__footstep_walk_hardsurface_9 (000001E4EBC52F28)
[LOG] SoundI::release                          :  (000001E3A2A90528)
[LOG] SoundI::release                          :     563466__nicholasdaryl__footstep_walk_hardsurface_3 (000001E4C30DAAF8)
[LOG] SoundI::release                          :  (000001E4EBE458B8)
[LOG] SoundI::release                          :     563467__nicholasdaryl__footstep_walk_hardsurface_4 (000001E5A90323B8)
[LOG] SoundI::release                          :  (000001E4EBE45188)
[LOG] SoundI::release                          :     gatePassthrough (000001E5A9032BD8)
[LOG] Thread::callback                         : FMOD Studio update thread finished.
[LOG] Thread::callback                         : FMOD Studio bank load thread finished.
[LOG] Profile::disconnectAll                   : Profiler disconnecting all clients
[LOG] Thread::callback                         : FMOD Studio sample load thread finished.
[LOG] LiveUpdate::release                      : 
[LOG] LiveUpdate::reset                        : Reset connection (reason Disconnected)
[LOG] Thread::callback                         : FMOD stream thread finished.
[LOG] Thread::callback                         : FMOD mixer thread finished.
[LOG] Profile::disconnectAll                   : Profiler disconnecting all clients
[LOG] SystemI::close                           : Closed.
[LOG] Thread::callback                         : FMOD Studio bank load thread finished.
[LOG] Thread::callback                         : FMOD Studio sample load thread finished.
[LOG] LiveUpdate::release                      : 
[LOG] LiveUpdate::reset                        : Reset connection (reason Disconnected)
[LOG] Thread::callback                         : FMOD stream thread finished.
[LOG] Thread::callback                         : FMOD mixer thread finished.
[LOG] SystemI::close                           : Closed.
[LOG] Thread::callback                         : FMOD nonblocking thread (0) finished.
[LOG] Thread::callback                         : FMOD file thread finished.
